time="2020-12-18 20:21:19" level=info 执行时间="190.835µs" 状态码=200 请求IP="::1" 请求方法=POST 请求路由=/login
time="2020-12-18 20:26:33" level=info 执行时间="210.134µs" 状态码=200 请求IP="::1" 请求方法=POST 请求路由=/login
time="2020-12-18 20:57:02" level=info 执行时间="258.502µs" 状态码=200 请求IP="::1" 请求方法=POST 请求路由=/login
time="2020-12-18 20:59:23" level=info 执行时间=3.741412ms 状态码=200 请求IP="::1" 请求方法=POST 请求路由=/login
time="2020-12-18 20:59:28" level=info 执行时间=3.203306ms 状态码=200 请求IP="::1" 请求方法=POST 请求路由=/login
time="2020-12-18 21:00:10" level=info 执行时间="40.981µs" 状态码=401 请求IP="::1" 请求方法=POST 请求路由=/re
time="2020-12-18 21:00:31" level=info 执行时间="88.195µs" 状态码=200 请求IP="::1" 请求方法=POST 请求路由=/register
time="2020-12-18 21:01:38" level=info 执行时间="41.209µs" 状态码=200 请求IP="::1" 请求方法=POST 请求路由=/register
time="2020-12-18 21:01:43" level=info 执行时间="60.921µs" 状态码=200 请求IP="::1" 请求方法=POST 请求路由=/register
time="2020-12-18 21:01:44" level=info 执行时间="72.693µs" 状态码=200 请求IP="::1" 请求方法=POST 请求路由=/register
time="2020-12-18 21:01:45" level=info 执行时间="46.762µs" 状态码=200 请求IP="::1" 请求方法=POST 请求路由=/register
time="2020-12-18 21:01:57" level=info 执行时间="46.478µs" 状态码=200 请求IP="::1" 请求方法=POST 请求路由=/register
time="2020-12-18 21:01:57" level=info 执行时间="61.235µs" 状态码=200 请求IP="::1" 请求方法=POST 请求路由=/register
time="2020-12-18 21:03:43" level=info 执行时间=6.067268ms 状态码=200 请求IP="::1" 请求方法=POST 请求路由=/register
time="2020-12-18 21:04:57" level=info 执行时间="17.633µs" 状态码=401 请求IP="::1" 请求方法=GET 请求路由=/login
time="2020-12-18 21:04:58" level=info 执行时间="24.262µs" 状态码=401 请求IP="::1" 请求方法=GET 请求路由=/login
time="2020-12-18 21:06:07" level=info 执行时间="20.702µs" 状态码=401 请求IP="::1" 请求方法=GET 请求路由=/login
time="2020-12-18 21:06:32" level=info 执行时间=2.995894ms 状态码=200 请求IP="::1" 请求方法=POST 请求路由=/login
time="2020-12-18 21:06:55" level=info 执行时间="148.34µs" 状态码=200 请求IP="::1" 请求方法=POST 请求路由=/login
time="2020-12-18 21:06:56" level=info 执行时间=4.531136ms 状态码=200 请求IP="::1" 请求方法=POST 请求路由=/login
time="2020-12-18 21:07:28" level=info 执行时间=4.620883ms 状态码=200 请求IP="::1" 请求方法=POST 请求路由=/login
time="2020-12-18 21:12:25" level=info 执行时间=3.942719ms 状态码=200 请求IP="::1" 请求方法=POST 请求路由=/login
time="2020-12-18 21:12:29" level=info 执行时间=5.754438ms 状态码=200 请求IP="::1" 请求方法=POST 请求路由=/login
time="2020-12-18 21:12:30" level=info 执行时间="182.376µs" 状态码=200 请求IP="::1" 请求方法=POST 请求路由=/login
time="2020-12-18 21:12:31" level=info 执行时间=5.099281ms 状态码=200 请求IP="::1" 请求方法=POST 请求路由=/login
time="2020-12-18 21:13:58" level=info 执行时间=1.274984ms 状态码=200 请求IP="::1" 请求方法=POST 请求路由=/login
time="2020-12-18 21:15:45" level=info 执行时间="585.161µs" 状态码=200 请求IP="::1" 请求方法=POST 请求路由=/login
time="2020-12-18 21:15:59" level=info 执行时间=6.576165ms 状态码=200 请求IP="::1" 请求方法=POST 请求路由=/register
time="2020-12-18 21:16:02" level=info 执行时间=5.367021ms 状态码=200 请求IP="::1" 请求方法=POST 请求路由=/register
time="2020-12-18 21:16:13" level=info 执行时间=3.376385ms 状态码=200 请求IP="::1" 请求方法=POST 请求路由=/register
time="2020-12-18 21:18:09" level=info 执行时间=2.773708ms 状态码=200 请求IP="::1" 请求方法=POST 请求路由=/register
time="2020-12-18 21:18:59" level=info 执行时间=6.692741ms 状态码=200 请求IP="::1" 请求方法=POST 请求路由=/register
time="2020-12-18 21:22:49" level=info 执行时间=3.595502ms 状态码=200 请求IP="::1" 请求方法=POST 请求路由=/register
time="2020-12-18 21:22:51" level=info 执行时间=2.578909ms 状态码=200 请求IP="::1" 请求方法=POST 请求路由=/register
time="2020-12-18 21:22:52" level=info 执行时间=6.38506ms 状态码=200 请求IP="::1" 请求方法=POST 请求路由=/register
time="2020-12-18 21:22:55" level=info 执行时间=5.945578ms 状态码=200 请求IP="::1" 请求方法=POST 请求路由=/register
time="2020-12-18 21:23:53" level=info 执行时间=1.675733ms 状态码=200 请求IP="::1" 请求方法=POST 请求路由=/register
time="2020-12-18 21:23:54" level=info 执行时间=5.095534ms 状态码=200 请求IP="::1" 请求方法=POST 请求路由=/register
time="2020-12-18 21:26:02" level=info 执行时间=5.515944ms 状态码=200 请求IP="::1" 请求方法=POST 请求路由=/register
time="2020-12-18 21:26:03" level=info 执行时间=2.979469ms 状态码=200 请求IP="::1" 请求方法=POST 请求路由=/register
time="2020-12-18 21:31:59" level=info 执行时间=6.634584ms 状态码=200 请求IP="::1" 请求方法=POST 请求路由=/register
time="2020-12-18 21:32:04" level=info 执行时间=7.201174ms 状态码=200 请求IP="::1" 请求方法=POST 请求路由=/register
time="2020-12-18 21:32:05" level=info 执行时间=3.430055ms 状态码=200 请求IP="::1" 请求方法=POST 请求路由=/register
time="2020-12-18 21:33:29" level=info 执行时间=1.115872ms 状态码=200 请求IP="::1" 请求方法=POST 请求路由=/register
time="2020-12-18 21:33:31" level=info 执行时间=5.033297ms 状态码=200 请求IP="::1" 请求方法=POST 请求路由=/register
time="2020-12-18 21:33:47" level=info 执行时间="789.817µs" 状态码=200 请求IP="::1" 请求方法=POST 请求路由=/register
time="2020-12-18 21:33:48" level=info 执行时间=5.300943ms 状态码=200 请求IP="::1" 请求方法=POST 请求路由=/register
time="2020-12-18 21:33:54" level=info 执行时间=4.75279ms 状态码=200 请求IP="::1" 请求方法=POST 请求路由=/login
time="2020-12-18 21:33:56" level=info 执行时间=5.922542ms 状态码=200 请求IP="::1" 请求方法=POST 请求路由=/login
time="2020-12-18 21:33:57" level=info 执行时间=5.062971ms 状态码=200 请求IP="::1" 请求方法=POST 请求路由=/login
time="2020-12-18 21:33:57" level=info 执行时间=3.660425ms 状态码=200 请求IP="::1" 请求方法=POST 请求路由=/login
time="2020-12-18 21:33:58" level=info 执行时间=3.90996ms 状态码=200 请求IP="::1" 请求方法=POST 请求路由=/login
time="2020-12-18 21:33:58" level=info 执行时间=5.369643ms 状态码=200 请求IP="::1" 请求方法=POST 请求路由=/login
time="2020-12-18 21:33:59" level=info 执行时间=5.546369ms 状态码=200 请求IP="::1" 请求方法=POST 请求路由=/login
time="2020-12-18 21:33:59" level=info 执行时间=4.904795ms 状态码=200 请求IP="::1" 请求方法=POST 请求路由=/login
time="2020-12-18 21:34:00" level=info 执行时间=4.609023ms 状态码=200 请求IP="::1" 请求方法=POST 请求路由=/login
time="2020-12-18 21:34:01" level=info 执行时间=4.54194ms 状态码=200 请求IP="::1" 请求方法=POST 请求路由=/login
time="2020-12-18 21:34:01" level=info 执行时间=5.88796ms 状态码=200 请求IP="::1" 请求方法=POST 请求路由=/login
time="2020-12-18 21:34:02" level=info 执行时间=4.338892ms 状态码=200 请求IP="::1" 请求方法=POST 请求路由=/login
time="2020-12-18 21:35:00" level=info 执行时间="361.623µs" 状态码=200 请求IP="::1" 请求方法=POST 请求路由=/login
time="2020-12-18 21:35:01" level=info 执行时间=3.760218ms 状态码=200 请求IP="::1" 请求方法=POST 请求路由=/login
time="2020-12-18 21:35:02" level=info 执行时间="157.107µs" 状态码=200 请求IP="::1" 请求方法=POST 请求路由=/login
time="2020-12-18 21:35:02" level=info 执行时间="174.938µs" 状态码=200 请求IP="::1" 请求方法=POST 请求路由=/login
time="2020-12-18 21:35:08" level=info 执行时间=3.26846ms 状态码=200 请求IP="::1" 请求方法=POST 请求路由=/register
time="2020-12-18 21:35:10" level=info 执行时间=5.617437ms 状态码=200 请求IP="::1" 请求方法=POST 请求路由=/register
time="2020-12-18 21:35:17" level=info 执行时间=5.527118ms 状态码=200 请求IP="::1" 请求方法=POST 请求路由=/login
time="2020-12-18 21:35:18" level=info 执行时间=5.546543ms 状态码=200 请求IP="::1" 请求方法=POST 请求路由=/login
time="2020-12-18 21:35:51" level=info 执行时间="837.315µs" 状态码=200 请求IP="::1" 请求方法=POST 请求路由=/login
time="2020-12-18 21:36:33" level=info 执行时间=1.167619ms 状态码=200 请求IP="::1" 请求方法=POST 请求路由=/login
time="2020-12-18 21:37:13" level=info 执行时间="728.142µs" 状态码=200 请求IP="::1" 请求方法=POST 请求路由=/register
time="2020-12-18 21:37:13" level=info 执行时间=4.374945ms 状态码=200 请求IP="::1" 请求方法=POST 请求路由=/register
time="2020-12-18 21:37:14" level=info 执行时间=5.734988ms 状态码=200 请求IP="::1" 请求方法=POST 请求路由=/register
time="2020-12-18 21:37:22" level=info 执行时间="735.151µs" 状态码=200 请求IP="::1" 请求方法=POST 请求路由=/register
time="2020-12-18 21:37:30" level=info 执行时间=1.629968ms 状态码=200 请求IP="::1" 请求方法=POST 请求路由=/register
time="2020-12-18 21:37:35" level=info 执行时间=4.720437ms 状态码=200 请求IP="::1" 请求方法=POST 请求路由=/register
time="2020-12-18 21:37:39" level=info 执行时间=4.887566ms 状态码=200 请求IP="::1" 请求方法=POST 请求路由=/register
time="2020-12-18 21:38:22" level=info 执行时间="626.778µs" 状态码=200 请求IP="::1" 请求方法=POST 请求路由=/login
time="2020-12-18 21:38:23" level=info 执行时间="651.904µs" 状态码=200 请求IP="::1" 请求方法=POST 请求路由=/login
time="2020-12-18 21:38:25" level=info 执行时间="656.544µs" 状态码=200 请求IP="::1" 请求方法=POST 请求路由=/login
time="2020-12-18 21:38:31" level=info 执行时间="806.178µs" 状态码=200 请求IP="::1" 请求方法=POST 请求路由=/login
time="2020-12-18 21:38:35" level=info 执行时间="576.142µs" 状态码=200 请求IP="::1" 请求方法=POST 请求路由=/login
time="2020-12-18 21:38:42" level=info 执行时间="695.655µs" 状态码=200 请求IP="::1" 请求方法=POST 请求路由=/login
time="2020-12-18 21:39:34" level=info 执行时间="736.134µs" 状态码=200 请求IP="::1" 请求方法=POST 请求路由=/login
time="2020-12-18 21:39:36" level=info 执行时间=6.601534ms 状态码=200 请求IP="::1" 请求方法=POST 请求路由=/login
time="2020-12-18 21:39:36" level=info 执行时间=4.687192ms 状态码=200 请求IP="::1" 请求方法=POST 请求路由=/login
time="2020-12-18 21:39:37" level=info 执行时间=5.791708ms 状态码=200 请求IP="::1" 请求方法=POST 请求路由=/login
time="2020-12-18 21:39:38" level=info 执行时间=4.832669ms 状态码=200 请求IP="::1" 请求方法=POST 请求路由=/login
time="2020-12-18 21:39:38" level=info 执行时间=4.114691ms 状态码=200 请求IP="::1" 请求方法=POST 请求路由=/login
time="2020-12-18 21:39:39" level=info 执行时间=5.98785ms 状态码=200 请求IP="::1" 请求方法=POST 请求路由=/login
time="2020-12-18 21:39:39" level=info 执行时间="613.228µs" 状态码=200 请求IP="::1" 请求方法=POST 请求路由=/login
time="2020-12-18 21:39:40" level=info 执行时间=6.890328ms 状态码=200 请求IP="::1" 请求方法=POST 请求路由=/login
time="2020-12-18 21:39:40" level=info 执行时间=6.060675ms 状态码=200 请求IP="::1" 请求方法=POST 请求路由=/login
time="2020-12-18 21:39:40" level=info 执行时间=5.899824ms 状态码=200 请求IP="::1" 请求方法=POST 请求路由=/login
time="2020-12-18 21:39:46" level=info 执行时间=6.087878ms 状态码=200 请求IP="::1" 请求方法=POST 请求路由=/login
time="2020-12-18 21:39:47" level=info 执行时间=5.988509ms 状态码=200 请求IP="::1" 请求方法=POST 请求路由=/login
time="2020-12-18 21:40:04" level=info 执行时间="601.039µs" 状态码=200 请求IP="::1" 请求方法=POST 请求路由=/login
time="2020-12-18 21:40:05" level=info 执行时间=6.002888ms 状态码=200 请求IP="::1" 请求方法=POST 请求路由=/login
time="2020-12-18 21:40:17" level=info 执行时间=6.10398ms 状态码=200 请求IP="::1" 请求方法=POST 请求路由=/register
time="2020-12-18 21:40:42" level=info 执行时间=5.183579ms 状态码=200 请求IP="::1" 请求方法=POST 请求路由=/register
time="2020-12-18 21:40:47" level=info 执行时间=4.665247ms 状态码=200 请求IP="::1" 请求方法=POST 请求路由=/register
time="2020-12-18 21:40:49" level=info 执行时间=5.844295ms 状态码=200 请求IP="::1" 请求方法=POST 请求路由=/register
time="2020-12-18 21:40:52" level=info 执行时间=6.659928ms 状态码=200 请求IP="::1" 请求方法=POST 请求路由=/register
time="2020-12-18 21:40:54" level=info 执行时间="725.45µs" 状态码=200 请求IP="::1" 请求方法=POST 请求路由=/register
time="2020-12-18 21:40:56" level=info 执行时间=6.035264ms 状态码=200 请求IP="::1" 请求方法=POST 请求路由=/register
time="2020-12-18 21:41:09" level=info 执行时间=5.12407ms 状态码=200 请求IP="::1" 请求方法=POST 请求路由=/register
time="2020-12-18 21:41:26" level=info 执行时间="602.554µs" 状态码=200 请求IP="::1" 请求方法=POST 请求路由=/login
time="2020-12-18 21:41:29" level=info 执行时间="648.224µs" 状态码=200 请求IP="::1" 请求方法=POST 请求路由=/login
time="2020-12-18 21:41:32" level=info 执行时间="776.672µs" 状态码=200 请求IP="::1" 请求方法=POST 请求路由=/login
time="2020-12-18 21:41:37" level=info 执行时间="592.289µs" 状态码=200 请求IP="::1" 请求方法=POST 请求路由=/login
time="2020-12-18 21:41:42" level=info 执行时间="595.807µs" 状态码=200 请求IP="::1" 请求方法=POST 请求路由=/login
time="2020-12-18 21:44:12" level=info 执行时间=1.050802ms 状态码=200 请求IP="::1" 请求方法=POST 请求路由=/login
time="2020-12-18 21:44:15" level=info 执行时间="763.574µs" 状态码=200 请求IP="::1" 请求方法=POST 请求路由=/login
time="2020-12-18 21:44:26" level=info 执行时间="605.766µs" 状态码=200 请求IP="::1" 请求方法=POST 请求路由=/login
time="2020-12-18 21:45:25" level=info 执行时间=1.871466ms 状态码=200 请求IP="::1" 请求方法=POST 请求路由=/login
time="2020-12-18 21:45:29" level=info 执行时间=4.37377ms 状态码=200 请求IP="::1" 请求方法=POST 请求路由=/login
time="2020-12-18 21:45:30" level=info 执行时间=4.62954ms 状态码=200 请求IP="::1" 请求方法=POST 请求路由=/login
time="2020-12-18 21:45:30" level=info 执行时间=5.684388ms 状态码=200 请求IP="::1" 请求方法=POST 请求路由=/login
time="2020-12-18 21:45:31" level=info 执行时间=5.452956ms 状态码=200 请求IP="::1" 请求方法=POST 请求路由=/login
time="2020-12-18 21:45:32" level=info 执行时间=5.594238ms 状态码=200 请求IP="::1" 请求方法=POST 请求路由=/login
time="2020-12-18 21:45:33" level=info 执行时间=3.468755ms 状态码=200 请求IP="::1" 请求方法=POST 请求路由=/login
time="2020-12-18 21:45:33" level=info 执行时间=4.867032ms 状态码=200 请求IP="::1" 请求方法=POST 请求路由=/login
time="2020-12-18 21:45:34" level=info 执行时间=6.858211ms 状态码=200 请求IP="::1" 请求方法=POST 请求路由=/login
time="2020-12-18 21:45:34" level=info 执行时间=7.67961ms 状态码=200 请求IP="::1" 请求方法=POST 请求路由=/login
time="2020-12-18 21:45:35" level=info 执行时间=4.63898ms 状态码=200 请求IP="::1" 请求方法=POST 请求路由=/login
time="2020-12-18 21:45:36" level=info 执行时间=5.760375ms 状态码=200 请求IP="::1" 请求方法=POST 请求路由=/login
time="2020-12-18 21:49:23" level=info 执行时间="900.666µs" 状态码=200 请求IP="::1" 请求方法=POST 请求路由=/login
time="2020-12-18 21:50:13" level=info 执行时间=2.86132ms 状态码=200 请求IP="::1" 请求方法=POST 请求路由=/register
time="2020-12-18 21:50:33" level=info 执行时间=4.651259ms 状态码=200 请求IP="::1" 请求方法=POST 请求路由=/register
time="2020-12-18 21:50:42" level=info 执行时间=5.150292ms 状态码=200 请求IP="::1" 请求方法=POST 请求路由=/register
time="2020-12-18 21:50:49" level=info 执行时间="667.768µs" 状态码=200 请求IP="::1" 请求方法=POST 请求路由=/login
time="2020-12-18 21:50:58" level=info 执行时间="590.862µs" 状态码=200 请求IP="::1" 请求方法=POST 请求路由=/login
time="2020-12-18 22:00:04" level=info 执行时间=6.729297ms 状态码=200 请求IP="::1" 请求方法=POST 请求路由=/register
time="2020-12-18 22:00:14" level=info 执行时间=5.367198ms 状态码=200 请求IP="::1" 请求方法=POST 请求路由=/register
time="2020-12-18 22:00:39" level=info 执行时间="47.136µs" 状态码=200 请求IP="::1" 请求方法=POST 请求路由=/register
time="2020-12-18 22:00:47" level=info 执行时间=6.21961ms 状态码=200 请求IP="::1" 请求方法=POST 请求路由=/register
time="2020-12-18 22:01:03" level=info 执行时间=5.028471ms 状态码=200 请求IP="::1" 请求方法=POST 请求路由=/register
time="2020-12-18 22:01:05" level=info 执行时间=5.516771ms 状态码=200 请求IP="::1" 请求方法=POST 请求路由=/register
time="2020-12-18 22:01:06" level=info 执行时间=5.71782ms 状态码=200 请求IP="::1" 请求方法=POST 请求路由=/register
time="2020-12-18 22:01:07" level=info 执行时间=5.199474ms 状态码=200 请求IP="::1" 请求方法=POST 请求路由=/register
time="2020-12-18 22:01:15" level=info 执行时间=7.177585ms 状态码=200 请求IP="::1" 请求方法=POST 请求路由=/register
time="2020-12-18 22:01:35" level=info 执行时间="936.13µs" 状态码=200 请求IP="::1" 请求方法=POST 请求路由=/register
time="2020-12-18 22:01:35" level=info 执行时间=4.623397ms 状态码=200 请求IP="::1" 请求方法=POST 请求路由=/register
time="2020-12-18 22:01:36" level=info 执行时间=4.49113ms 状态码=200 请求IP="::1" 请求方法=POST 请求路由=/register
time="2020-12-18 22:01:37" level=info 执行时间=5.342639ms 状态码=200 请求IP="::1" 请求方法=POST 请求路由=/register
time="2020-12-18 22:01:38" level=info 执行时间=1.554326ms 状态码=200 请求IP="::1" 请求方法=POST 请求路由=/register
time="2020-12-18 22:06:12" level=info 执行时间=2.131566ms 状态码=200 请求IP="::1" 请求方法=POST 请求路由=/register
time="2020-12-18 22:06:14" level=info 执行时间=5.086654ms 状态码=200 请求IP="::1" 请求方法=POST 请求路由=/register
time="2020-12-18 22:06:20" level=info 执行时间=5.336331ms 状态码=200 请求IP="::1" 请求方法=POST 请求路由=/register
time="2020-12-18 22:08:42" level=info 执行时间=3.059932ms 状态码=200 请求IP="::1" 请求方法=POST 请求路由=/register
time="2020-12-18 22:09:39" level=info 执行时间=6.381581ms 状态码=200 请求IP="::1" 请求方法=POST 请求路由=/register
time="2020-12-18 22:09:40" level=info 执行时间=5.967155ms 状态码=200 请求IP="::1" 请求方法=POST 请求路由=/register
time="2020-12-18 22:16:38" level=info 执行时间=5.867878ms 状态码=200 请求IP="::1" 请求方法=POST 请求路由=/register
time="2020-12-18 22:21:55" level=info 执行时间=4.515381ms 状态码=200 请求IP="::1" 请求方法=POST 请求路由=/register
time="2020-12-18 22:22:31" level=info 执行时间="818.374µs" 状态码=200 请求IP="::1" 请求方法=POST 请求路由=/register
time="2020-12-18 22:23:29" level=info 执行时间=2.740524ms 状态码=200 请求IP="::1" 请求方法=POST 请求路由=/register
time="2020-12-18 22:27:41" level=info 执行时间=4.681069ms 状态码=200 请求IP="::1" 请求方法=POST 请求路由=/register
time="2020-12-18 22:28:21" level=info 执行时间=2.307693ms 状态码=200 请求IP="::1" 请求方法=POST 请求路由=/register
time="2020-12-18 22:28:30" level=info 执行时间=6.721604ms 状态码=200 请求IP="::1" 请求方法=POST 请求路由=/register
time="2020-12-18 22:28:42" level=info 执行时间=4.660882ms 状态码=200 请求IP="::1" 请求方法=POST 请求路由=/register
time="2020-12-18 22:28:53" level=info 执行时间=1.404591ms 状态码=200 请求IP="::1" 请求方法=POST 请求路由=/register
time="2020-12-18 22:30:01" level=info 执行时间=4.371214ms 状态码=200 请求IP="::1" 请求方法=POST 请求路由=/register
time="2020-12-18 22:30:14" level=info 执行时间=4.847818ms 状态码=200 请求IP="::1" 请求方法=POST 请求路由=/register
time="2020-12-18 22:30:30" level=info 执行时间=2.94258ms 状态码=200 请求IP="::1" 请求方法=POST 请求路由=/register
time="2020-12-18 22:30:51" level=info 执行时间=4.882255ms 状态码=200 请求IP="::1" 请求方法=POST 请求路由=/register
time="2020-12-18 22:31:00" level=info 执行时间=2.391709ms 状态码=200 请求IP="::1" 请求方法=POST 请求路由=/register
time="2020-12-18 22:31:05" level=info 执行时间=5.375331ms 状态码=200 请求IP="::1" 请求方法=POST 请求路由=/register
time="2020-12-18 22:31:06" level=info 执行时间=6.138594ms 状态码=200 请求IP="::1" 请求方法=POST 请求路由=/register
time="2020-12-18 22:32:14" level=info 执行时间="748.504µs" 状态码=200 请求IP="::1" 请求方法=POST 请求路由=/login
time="2020-12-18 22:57:25" level=info 执行时间=4.365715ms 状态码=200 请求IP="::1" 请求方法=POST 请求路由=/login
time="2020-12-18 23:02:06" level=info 执行时间=3.862525ms 状态码=200 请求IP="::1" 请求方法=POST 请求路由=/login
time="2020-12-18 23:04:42" level=info 执行时间=6.102678ms 状态码=500 请求IP="::1" 请求方法=POST 请求路由=/login
time="2020-12-18 23:06:34" level=info 执行时间=3.46772ms 状态码=500 请求IP="::1" 请求方法=POST 请求路由=/login
time="2020-12-18 23:09:51" level=info 执行时间=5.281167ms 状态码=500 请求IP="::1" 请求方法=POST 请求路由=/login
time="2020-12-18 23:09:52" level=info 执行时间=5.406202ms 状态码=500 请求IP="::1" 请求方法=POST 请求路由=/login
time="2020-12-18 23:10:21" level=info 执行时间=4.018024ms 状态码=500 请求IP="::1" 请求方法=POST 请求路由=/login
time="2020-12-18 23:10:22" level=info 执行时间="171.571µs" 状态码=500 请求IP="::1" 请求方法=POST 请求路由=/login
time="2020-12-18 23:15:24" level=info 执行时间="317.756µs" 状态码=500 请求IP="::1" 请求方法=POST 请求路由=/login
time="2020-12-18 23:19:59" level=info 执行时间=3.415725ms 状态码=500 请求IP="::1" 请求方法=POST 请求路由=/login
time="2020-12-18 23:23:36" level=info 执行时间=4.543231ms 状态码=500 请求IP="::1" 请求方法=POST 请求路由=/login
time="2020-12-18 23:24:39" level=info 执行时间=6.314468ms 状态码=200 请求IP="::1" 请求方法=POST 请求路由=/login
time="2020-12-18 23:25:12" level=info 执行时间="219.158µs" 状态码=200 请求IP="::1" 请求方法=POST 请求路由=/login
time="2020-12-18 23:25:13" level=info 执行时间=2.578271ms 状态码=200 请求IP="::1" 请求方法=POST 请求路由=/login
time="2020-12-18 23:25:14" level=info 执行时间=5.411628ms 状态码=200 请求IP="::1" 请求方法=POST 请求路由=/login
time="2020-12-18 23:25:14" level=info 执行时间=6.210332ms 状态码=200 请求IP="::1" 请求方法=POST 请求路由=/login
time="2020-12-18 23:25:27" level=info 执行时间="801.407µs" 状态码=200 请求IP="::1" 请求方法=POST 请求路由=/register
time="2020-12-18 23:25:31" level=info 执行时间=4.753297ms 状态码=200 请求IP="::1" 请求方法=POST 请求路由=/register
time="2020-12-18 23:25:32" level=info 执行时间=4.981058ms 状态码=200 请求IP="::1" 请求方法=POST 请求路由=/register
time="2020-12-18 23:25:33" level=info 执行时间=5.86146ms 状态码=200 请求IP="::1" 请求方法=POST 请求路由=/register
time="2020-12-18 23:25:34" level=info 执行时间=5.877202ms 状态码=200 请求IP="::1" 请求方法=POST 请求路由=/register
time="2020-12-18 23:25:38" level=info 执行时间=5.212536ms 状态码=200 请求IP="::1" 请求方法=POST 请求路由=/login
time="2020-12-18 23:25:39" level=info 执行时间="120.472µs" 状态码=200 请求IP="::1" 请求方法=POST 请求路由=/login
time="2020-12-18 23:30:02" level=info 执行时间="228.255µs" 状态码=500 请求IP="::1" 请求方法=POST 请求路由=/login
time="2020-12-18 23:30:34" level=info 执行时间="60.255µs" 状态码=500 请求IP="::1" 请求方法=POST 请求路由=/login
time="2020-12-18 23:30:38" level=info 执行时间="53.457µs" 状态码=500 请求IP="::1" 请求方法=POST 请求路由=/login
time="2020-12-18 23:30:39" level=info 执行时间="61.234µs" 状态码=500 请求IP="::1" 请求方法=POST 请求路由=/login
time="2020-12-18 23:30:39" level=info 执行时间="73.688µs" 状态码=500 请求IP="::1" 请求方法=POST 请求路由=/login
time="2020-12-18 23:30:40" level=info 执行时间="55.156µs" 状态码=500 请求IP="::1" 请求方法=POST 请求路由=/login
time="2020-12-18 23:30:41" level=info 执行时间="47.378µs" 状态码=500 请求IP="::1" 请求方法=POST 请求路由=/login
time="2020-12-18 23:30:42" level=info 执行时间="52.348µs" 状态码=500 请求IP="::1" 请求方法=POST 请求路由=/login
time="2020-12-18 23:30:42" level=info 执行时间="81.467µs" 状态码=500 请求IP="::1" 请求方法=POST 请求路由=/login
time="2020-12-18 23:30:44" level=info 执行时间="89.118µs" 状态码=500 请求IP="::1" 请求方法=POST 请求路由=/login
time="2020-12-18 23:30:45" level=info 执行时间="94.88µs" 状态码=500 请求IP="::1" 请求方法=POST 请求路由=/login
time="2020-12-18 23:30:46" level=info 执行时间="62.851µs" 状态码=500 请求IP="::1" 请求方法=POST 请求路由=/login
time="2020-12-18 23:37:56" level=info 执行时间="146.621µs" 状态码=500 请求IP="::1" 请求方法=POST 请求路由=/login
time="2020-12-18 23:38:36" level=info 执行时间=5.872377ms 状态码=200 请求IP="::1" 请求方法=POST 请求路由=/login
time="2020-12-18 23:39:07" level=info 执行时间=24.044172ms 状态码=200 请求IP="::1" 请求方法=POST 请求路由=/login
time="2020-12-18 23:40:22" level=info 执行时间="409.866µs" 状态码=200 请求IP="::1" 请求方法=POST 请求路由=/login
time="2020-12-18 23:40:23" level=info 执行时间=2.203318ms 状态码=200 请求IP="::1" 请求方法=POST 请求路由=/login
time="2020-12-18 23:40:23" level=info 执行时间=6.043743ms 状态码=200 请求IP="::1" 请求方法=POST 请求路由=/login
time="2020-12-18 23:40:24" level=info 执行时间="144.885µs" 状态码=200 请求IP="::1" 请求方法=POST 请求路由=/login
time="2020-12-18 23:40:25" level=info 执行时间=5.674944ms 状态码=200 请求IP="::1" 请求方法=POST 请求路由=/login
time="2020-12-18 23:40:26" level=info 执行时间=5.489994ms 状态码=200 请求IP="::1" 请求方法=POST 请求路由=/login
time="2020-12-18 23:40:27" level=info 执行时间=5.535671ms 状态码=200 请求IP="::1" 请求方法=POST 请求路由=/login
time="2020-12-18 23:40:27" level=info 执行时间="727.784µs" 状态码=200 请求IP="::1" 请求方法=POST 请求路由=/login
time="2020-12-18 23:40:28" level=info 执行时间="166.369µs" 状态码=200 请求IP="::1" 请求方法=POST 请求路由=/login
time="2020-12-18 23:40:29" level=info 执行时间="143.392µs" 状态码=200 请求IP="::1" 请求方法=POST 请求路由=/login
time="2020-12-18 23:40:30" level=info 执行时间="150.878µs" 状态码=200 请求IP="::1" 请求方法=POST 请求路由=/login
time="2020-12-18 23:40:30" level=info 执行时间=1.611999ms 状态码=200 请求IP="::1" 请求方法=POST 请求路由=/login
time="2020-12-18 23:40:31" level=info 执行时间=5.836303ms 状态码=200 请求IP="::1" 请求方法=POST 请求路由=/login
time="2020-12-18 23:41:02" level=info 执行时间=2.990396ms 状态码=200 请求IP="::1" 请求方法=POST 请求路由=/register
time="2020-12-18 23:42:13" level=info 执行时间=5.145272ms 状态码=200 请求IP="::1" 请求方法=POST 请求路由=/login
time="2020-12-18 23:45:50" level=info 执行时间="263.269µs" 状态码=200 请求IP="::1" 请求方法=POST 请求路由=/login
time="2020-12-18 23:45:51" level=info 执行时间=5.031085ms 状态码=200 请求IP="::1" 请求方法=POST 请求路由=/login
time="2020-12-18 23:51:11" level=info 执行时间=1.168313ms 状态码=200 请求IP="::1" 请求方法=POST 请求路由=/login
time="2020-12-19 00:00:08" level=info 执行时间=1.705289ms 状态码=500 请求IP="::1" 请求方法=POST 请求路由=/login
time="2020-12-19 00:00:34" level=info 执行时间=2.026001ms 状态码=500 请求IP="::1" 请求方法=POST 请求路由=/login
time="2020-12-19 00:00:36" level=info 执行时间=1.4866ms 状态码=500 请求IP="::1" 请求方法=POST 请求路由=/login
time="2020-12-19 00:00:37" level=info 执行时间=1.498367ms 状态码=500 请求IP="::1" 请求方法=POST 请求路由=/login
time="2020-12-19 00:00:57" level=info 执行时间=1.839636ms 状态码=200 请求IP="::1" 请求方法=POST 请求路由=/login
time="2020-12-19 00:01:07" level=info 执行时间=1.468414ms 状态码=500 请求IP="::1" 请求方法=POST 请求路由=/login
time="2020-12-19 00:01:14" level=info 执行时间=4.611907ms 状态码=500 请求IP="::1" 请求方法=POST 请求路由=/login
time="2020-12-19 00:01:26" level=info 执行时间="904.234µs" 状态码=500 请求IP="::1" 请求方法=POST 请求路由=/login
time="2020-12-19 00:01:33" level=info 执行时间="555.562µs" 状态码=500 请求IP="::1" 请求方法=POST 请求路由=/login
time="2020-12-19 00:01:41" level=info 执行时间="503.84µs" 状态码=500 请求IP="::1" 请求方法=POST 请求路由=/login
time="2020-12-19 00:01:56" level=info 执行时间="866.539µs" 状态码=500 请求IP="::1" 请求方法=POST 请求路由=/login
time="2020-12-19 00:02:55" level=info 执行时间="256.87µs" 状态码=500 请求IP="::1" 请求方法=POST 请求路由=/login
time="2020-12-19 00:02:56" level=info 执行时间="57.416µs" 状态码=500 请求IP="::1" 请求方法=POST 请求路由=/login
time="2020-12-19 00:02:57" level=info 执行时间="72.062µs" 状态码=500 请求IP="::1" 请求方法=POST 请求路由=/login
time="2020-12-19 00:02:59" level=info 执行时间="85.266µs" 状态码=500 请求IP="::1" 请求方法=POST 请求路由=/login
time="2020-12-19 00:03:00" level=info 执行时间="58.738µs" 状态码=500 请求IP="::1" 请求方法=POST 请求路由=/login
time="2020-12-19 00:03:12" level=info 执行时间="81.257µs" 状态码=500 请求IP="::1" 请求方法=POST 请求路由=/login
time="2020-12-19 00:03:13" level=info 执行时间="51.152µs" 状态码=500 请求IP="::1" 请求方法=POST 请求路由=/login
time="2020-12-19 00:03:13" level=info 执行时间="65.127µs" 状态码=500 请求IP="::1" 请求方法=POST 请求路由=/login
time="2020-12-19 00:03:14" level=info 执行时间="73.573µs" 状态码=500 请求IP="::1" 请求方法=POST 请求路由=/login
time="2020-12-19 00:03:15" level=info 执行时间="98.598µs" 状态码=500 请求IP="::1" 请求方法=POST 请求路由=/login
time="2020-12-19 00:03:15" level=info 执行时间="58.05µs" 状态码=500 请求IP="::1" 请求方法=POST 请求路由=/login
time="2020-12-19 00:03:16" level=info 执行时间="49.431µs" 状态码=500 请求IP="::1" 请求方法=POST 请求路由=/login
time="2020-12-19 00:03:17" level=info 执行时间="48.601µs" 状态码=500 请求IP="::1" 请求方法=POST 请求路由=/login
time="2020-12-19 00:04:00" level=info 执行时间=1.246371ms 状态码=500 请求IP="::1" 请求方法=POST 请求路由=/login
time="2020-12-19 00:04:02" level=info 执行时间="988.777µs" 状态码=500 请求IP="::1" 请求方法=POST 请求路由=/login
time="2020-12-19 00:04:12" level=info 执行时间=1.872255ms 状态码=200 请求IP="::1" 请求方法=POST 请求路由=/login
time="2020-12-19 00:04:44" level=info 执行时间="251.856µs" 状态码=500 请求IP="::1" 请求方法=POST 请求路由=/login
time="2020-12-19 00:04:45" level=info 执行时间="96.795µs" 状态码=500 请求IP="::1" 请求方法=POST 请求路由=/login
time="2020-12-19 00:06:34" level=info 执行时间=1.948017ms 状态码=200 请求IP="::1" 请求方法=POST 请求路由=/login
time="2020-12-19 00:08:59" level=info 执行时间=2.110559ms 状态码=200 请求IP="::1" 请求方法=POST 请求路由=/login
time="2020-12-19 00:09:05" level=info 执行时间="686.697µs" 状态码=500 请求IP="::1" 请求方法=POST 请求路由=/login
time="2020-12-19 00:09:11" level=info 执行时间=1.441549ms 状态码=500 请求IP="::1" 请求方法=POST 请求路由=/login
time="2020-12-19 00:09:18" level=info 执行时间=2.228757ms 状态码=500 请求IP="::1" 请求方法=POST 请求路由=/login
time="2020-12-19 00:09:31" level=info 执行时间="817.564µs" 状态码=500 请求IP="::1" 请求方法=POST 请求路由=/login
